<?xml version="1.0" encoding="UTF-8"?>
<!-- Generated by org.testng.reporters.JUnitReportReporter -->
<testsuite hostname="A2ML24357" name="testCases.Registration_TestNG_TC" tests="1" failures="0" timestamp="19 Mar 2019 07:15:04 GMT" time="0.819" errors="0">
  <testcase name="registration" time="0.819" classname="testCases.Registration_TestNG_TC"/>
</testsuite> <!-- testCases.Registration_TestNG_TC -->
