<?xml version="1.0" encoding="UTF-8"?>
<!-- Generated by org.testng.reporters.JUnitReportReporter -->
<testsuite hostname="A2ML24357" name="testCases.Registration_TestNG_TC" tests="1" failures="0" timestamp="19 Mar 2019 06:52:43 GMT" time="37.147" errors="0">
  <testcase name="registration" time="37.147" classname="testCases.Registration_TestNG_TC"/>
</testsuite> <!-- testCases.Registration_TestNG_TC -->
